<?xml version="1.0" encoding="UTF-8"?>
<!-- Generated by org.testng.reporters.JUnitXMLReporter -->
<testsuite ignored="14" hostname="Ghaith" failures="0" tests="1" name="Default test" time="8.799" errors="0" timestamp="2025-04-30T00:59:51 EET">
  <testcase classname="AutomationSimiFinalProject.AutomationSimiFinalProject.AppTest" name="DownloadApp" time="0.513"/>
  <testcase classname="AutomationSimiFinalProject.AutomationSimiFinalProject.AppTest" name="Window_Example" time="0.0">
    <ignored/>
  </testcase> <!-- Window_Example -->
  <testcase classname="AutomationSimiFinalProject.AutomationSimiFinalProject.AppTest" name="autoCompleteTest" time="0.0">
    <ignored/>
  </testcase> <!-- autoCompleteTest -->
  <testcase classname="AutomationSimiFinalProject.AutomationSimiFinalProject.AppTest" name="HideAndShow" time="0.0">
    <ignored/>
  </testcase> <!-- HideAndShow -->
  <testcase classname="AutomationSimiFinalProject.AutomationSimiFinalProject.AppTest" name="EnableAndDisable" time="0.0">
    <ignored/>
  </testcase> <!-- EnableAndDisable -->
  <testcase classname="AutomationSimiFinalProject.AutomationSimiFinalProject.AppTest" name="AlertTest" time="0.0">
    <ignored/>
  </testcase> <!-- AlertTest -->
  <testcase classname="AutomationSimiFinalProject.AutomationSimiFinalProject.AppTest" name="Iframe" time="0.0">
    <ignored/>
  </testcase> <!-- Iframe -->
  <testcase classname="AutomationSimiFinalProject.AutomationSimiFinalProject.AppTest" name="Calender" time="0.0">
    <ignored/>
  </testcase> <!-- Calender -->
  <testcase classname="AutomationSimiFinalProject.AutomationSimiFinalProject.AppTest" name="ConfirmTest" time="0.0">
    <ignored/>
  </testcase> <!-- ConfirmTest -->
  <testcase classname="AutomationSimiFinalProject.AutomationSimiFinalProject.AppTest" name="MouseHover" time="0.0">
    <ignored/>
  </testcase> <!-- MouseHover -->
  <testcase classname="AutomationSimiFinalProject.AutomationSimiFinalProject.AppTest" name="TableTest" time="0.0">
    <ignored/>
  </testcase> <!-- TableTest -->
  <testcase classname="AutomationSimiFinalProject.AutomationSimiFinalProject.AppTest" name="Switch_Tab_Example" time="0.0">
    <ignored/>
  </testcase> <!-- Switch_Tab_Example -->
  <testcase classname="AutomationSimiFinalProject.AutomationSimiFinalProject.AppTest" name="RadioButton" time="0.0">
    <ignored/>
  </testcase> <!-- RadioButton -->
  <testcase classname="AutomationSimiFinalProject.AutomationSimiFinalProject.AppTest" name="SelectTag" time="0.0">
    <ignored/>
  </testcase> <!-- SelectTag -->
  <testcase classname="AutomationSimiFinalProject.AutomationSimiFinalProject.AppTest" name="CheckBoxTest" time="0.0">
    <ignored/>
  </testcase> <!-- CheckBoxTest -->
</testsuite> <!-- Default test -->
