<?xml version="1.0" encoding="UTF-8"?>
<testng-results ignored="14" total="15" passed="1" failed="0" skipped="0">
  <reporter-output>
  </reporter-output>
  <suite started-at="2025-04-30T00:59:43 EET" name="Default suite" finished-at="2025-04-30T00:59:51 EET" duration-ms="8799">
    <groups>
    </groups>
    <test started-at="2025-04-30T00:59:43 EET" name="Default test" finished-at="2025-04-30T00:59:51 EET" duration-ms="8799">
      <class name="AutomationSimiFinalProject.AutomationSimiFinalProject.AppTest">
        <test-method is-config="true" signature="mySetup()[pri:0, instance:AutomationSimiFinalProject.AutomationSimiFinalProject.AppTest@70a36a66]" started-at="2025-04-30T00:59:43 EET" name="mySetup" finished-at="2025-04-30T00:59:51 EET" duration-ms="8237" status="PASS">
          <reporter-output>
          </reporter-output>
        </test-method> <!-- mySetup -->
        <test-method signature="DownloadApp()[pri:15, instance:AutomationSimiFinalProject.AutomationSimiFinalProject.AppTest@70a36a66]" started-at="2025-04-30T00:59:51 EET" name="DownloadApp" finished-at="2025-04-30T00:59:51 EET" duration-ms="513" status="PASS">
          <reporter-output>
          </reporter-output>
        </test-method> <!-- DownloadApp -->
      </class> <!-- AutomationSimiFinalProject.AutomationSimiFinalProject.AppTest -->
    </test> <!-- Default test -->
  </suite> <!-- Default suite -->
</testng-results>
